<?xml version="1.0" encoding="UTF-8"?>
<testng-results skipped="0" failed="0" total="1" passed="1">
  <reporter-output>
  </reporter-output>
  <suite name="Default suite" duration-ms="31" started-at="2018-03-04T13:57:29Z" finished-at="2018-03-04T13:57:29Z">
    <groups>
    </groups>
    <test name="Default test" duration-ms="31" started-at="2018-03-04T13:57:29Z" finished-at="2018-03-04T13:57:29Z">
      <class name="com.One.HelloWorld">
        <test-method status="PASS" signature="login()[pri:0, instance:com.One.HelloWorld@6fb554cc]" name="login" duration-ms="16" started-at="2018-03-04T13:57:29Z" finished-at="2018-03-04T13:57:29Z">
        </test-method>
      </class>
    </test>
  </suite>
</testng-results>
